107.05.24 19:48 B C:\Documents and Settings\admin\Desktop\wbt site compacted\gifs\about.gif <-- WBT /httpdocs/wbt/gifs about.gif
107.05.24 19:48 B C:\Documents and Settings\admin\Desktop\wbt site compacted\gifs\arrow.gif <-- WBT /httpdocs/wbt/gifs arrow.gif
107.05.24 19:48 B C:\Documents and Settings\admin\Desktop\wbt site compacted\gifs\b-bg.gif <-- WBT /httpdocs/wbt/gifs b-bg.gif
107.05.24 19:48 B C:\Documents and Settings\admin\Desktop\wbt site compacted\gifs\b-center.gif <-- WBT /httpdocs/wbt/gifs b-center.gif
107.05.24 19:48 B C:\Documents and Settings\admin\Desktop\wbt site compacted\gifs\b-left.gif <-- WBT /httpdocs/wbt/gifs b-left.gif
107.05.24 19:48 B C:\Documents and Settings\admin\Desktop\wbt site compacted\gifs\b-left.jpg <-- WBT /httpdocs/wbt/gifs b-left.jpg
107.05.24 19:48 B C:\Documents and Settings\admin\Desktop\wbt site compacted\gifs\bg.gif <-- WBT /httpdocs/wbt/gifs bg.gif
107.05.24 19:48 B C:\Documents and Settings\admin\Desktop\wbt site compacted\gifs\bg1.gif <-- WBT /httpdocs/wbt/gifs bg1.gif
107.05.24 19:48 B C:\Documents and Settings\admin\Desktop\wbt site compacted\gifs\bg2.gif <-- WBT /httpdocs/wbt/gifs bg2.gif
107.05.24 19:48 B C:\Documents and Settings\admin\Desktop\wbt site compacted\gifs\bottom-bg.gif <-- WBT /httpdocs/wbt/gifs bottom-bg.gif
107.05.24 19:48 B C:\Documents and Settings\admin\Desktop\wbt site compacted\gifs\box.gif <-- WBT /httpdocs/wbt/gifs box.gif
107.05.24 19:48 B C:\Documents and Settings\admin\Desktop\wbt site compacted\gifs\bullat.gif <-- WBT /httpdocs/wbt/gifs bullat.gif
107.05.24 19:48 B C:\Documents and Settings\admin\Desktop\wbt site compacted\gifs\button1-bg.gif <-- WBT /httpdocs/wbt/gifs button1-bg.gif
107.05.24 19:48 B C:\Documents and Settings\admin\Desktop\wbt site compacted\gifs\button1.gif <-- WBT /httpdocs/wbt/gifs button1.gif
107.05.24 19:48 B C:\Documents and Settings\admin\Desktop\wbt site compacted\gifs\button2-bg.gif <-- WBT /httpdocs/wbt/gifs button2-bg.gif
107.05.24 19:48 B C:\Documents and Settings\admin\Desktop\wbt site compacted\gifs\button2.gif <-- WBT /httpdocs/wbt/gifs button2.gif
107.05.24 19:48 B C:\Documents and Settings\admin\Desktop\wbt site compacted\gifs\button3-bg.gif <-- WBT /httpdocs/wbt/gifs button3-bg.gif
107.05.24 19:48 B C:\Documents and Settings\admin\Desktop\wbt site compacted\gifs\button4-bg.gif <-- WBT /httpdocs/wbt/gifs button4-bg.gif
107.05.24 19:48 B C:\Documents and Settings\admin\Desktop\wbt site compacted\gifs\center.gif <-- WBT /httpdocs/wbt/gifs center.gif
107.05.24 19:48 B C:\Documents and Settings\admin\Desktop\wbt site compacted\gifs\center1.gif <-- WBT /httpdocs/wbt/gifs center1.gif
107.05.24 19:48 B C:\Documents and Settings\admin\Desktop\wbt site compacted\gifs\center2.gif <-- WBT /httpdocs/wbt/gifs center2.gif
107.05.24 19:48 B C:\Documents and Settings\admin\Desktop\wbt site compacted\gifs\confirmed-panelists.gif <-- WBT /httpdocs/wbt/gifs confirmed-panelists.gif
107.05.24 19:48 B C:\Documents and Settings\admin\Desktop\wbt site compacted\gifs\donate.gif <-- WBT /httpdocs/wbt/gifs donate.gif
107.05.24 19:48 B C:\Documents and Settings\admin\Desktop\wbt site compacted\gifs\donate.jpg <-- WBT /httpdocs/wbt/gifs donate.jpg
107.05.24 19:48 B C:\Documents and Settings\admin\Desktop\wbt site compacted\gifs\donate1.jpg <-- WBT /httpdocs/wbt/gifs donate1.jpg
107.05.24 19:48 B C:\Documents and Settings\admin\Desktop\wbt site compacted\gifs\dott.gif <-- WBT /httpdocs/wbt/gifs dott.gif
107.05.24 19:48 B C:\Documents and Settings\admin\Desktop\wbt site compacted\gifs\general-information.jpg <-- WBT /httpdocs/wbt/gifs general-information.jpg
107.05.24 19:48 B C:\Documents and Settings\admin\Desktop\wbt site compacted\gifs\h-c-b.gif <-- WBT /httpdocs/wbt/gifs h-c-b.gif
107.05.24 19:48 B C:\Documents and Settings\admin\Desktop\wbt site compacted\gifs\h-c-b.jpg <-- WBT /httpdocs/wbt/gifs h-c-b.jpg
107.05.24 19:49 B C:\Documents and Settings\admin\Desktop\wbt site compacted\gifs\h-c-bg.gif <-- WBT /httpdocs/wbt/gifs h-c-bg.gif
107.05.24 19:49 B C:\Documents and Settings\admin\Desktop\wbt site compacted\gifs\h-c.gif <-- WBT /httpdocs/wbt/gifs h-c.gif
107.05.24 19:49 B C:\Documents and Settings\admin\Desktop\wbt site compacted\gifs\h-c.jpg <-- WBT /httpdocs/wbt/gifs h-c.jpg
107.05.24 19:49 B C:\Documents and Settings\admin\Desktop\wbt site compacted\gifs\h-l.gif <-- WBT /httpdocs/wbt/gifs h-l.gif
107.05.24 19:49 B C:\Documents and Settings\admin\Desktop\wbt site compacted\gifs\h-l.jpg <-- WBT /httpdocs/wbt/gifs h-l.jpg
107.05.24 19:49 B C:\Documents and Settings\admin\Desktop\wbt site compacted\gifs\h-r.gif <-- WBT /httpdocs/wbt/gifs h-r.gif
107.05.24 19:49 B C:\Documents and Settings\admin\Desktop\wbt site compacted\gifs\h-r.jpg <-- WBT /httpdocs/wbt/gifs h-r.jpg
107.05.24 19:49 B C:\Documents and Settings\admin\Desktop\wbt site compacted\gifs\heading-bg.gif <-- WBT /httpdocs/wbt/gifs heading-bg.gif
107.05.24 19:49 B C:\Documents and Settings\admin\Desktop\wbt site compacted\gifs\heading.gif <-- WBT /httpdocs/wbt/gifs heading.gif
107.05.24 19:49 B C:\Documents and Settings\admin\Desktop\wbt site compacted\gifs\heding.gif <-- WBT /httpdocs/wbt/gifs heding.gif
107.05.24 19:49 B C:\Documents and Settings\admin\Desktop\wbt site compacted\gifs\hindi.gif <-- WBT /httpdocs/wbt/gifs hindi.gif
107.05.24 19:49 B C:\Documents and Settings\admin\Desktop\wbt site compacted\gifs\i1.gif <-- WBT /httpdocs/wbt/gifs i1.gif
107.05.24 19:49 B C:\Documents and Settings\admin\Desktop\wbt site compacted\gifs\i2.gif <-- WBT /httpdocs/wbt/gifs i2.gif
107.05.24 19:49 B C:\Documents and Settings\admin\Desktop\wbt site compacted\gifs\ibg.gif <-- WBT /httpdocs/wbt/gifs ibg.gif
107.05.24 19:49 B C:\Documents and Settings\admin\Desktop\wbt site compacted\gifs\left-gray.gif <-- WBT /httpdocs/wbt/gifs left-gray.gif
107.05.24 19:49 B C:\Documents and Settings\admin\Desktop\wbt site compacted\gifs\left.gif <-- WBT /httpdocs/wbt/gifs left.gif
107.05.24 19:49 B C:\Documents and Settings\admin\Desktop\wbt site compacted\gifs\left1.gif <-- WBT /httpdocs/wbt/gifs left1.gif
107.05.24 19:49 B C:\Documents and Settings\admin\Desktop\wbt site compacted\gifs\leftbanner.gif <-- WBT /httpdocs/wbt/gifs leftbanner.gif
107.05.24 19:49 B C:\Documents and Settings\admin\Desktop\wbt site compacted\gifs\leftbanner.jpg <-- WBT /httpdocs/wbt/gifs leftbanner.jpg
107.05.24 19:49 B C:\Documents and Settings\admin\Desktop\wbt site compacted\gifs\mailing-lists.jpg <-- WBT /httpdocs/wbt/gifs mailing-lists.jpg
107.05.24 19:49 B C:\Documents and Settings\admin\Desktop\wbt site compacted\gifs\major-thematic-areas.jpg <-- WBT /httpdocs/wbt/gifs major-thematic-areas.jpg
107.05.24 19:49 B C:\Documents and Settings\admin\Desktop\wbt site compacted\gifs\major.gif <-- WBT /httpdocs/wbt/gifs major.gif
107.05.24 19:49 B C:\Documents and Settings\admin\Desktop\wbt site compacted\gifs\mastheadlogo.jpg <-- WBT /httpdocs/wbt/gifs mastheadlogo.jpg
107.05.24 19:49 B C:\Documents and Settings\admin\Desktop\wbt site compacted\gifs\press.jpg <-- WBT /httpdocs/wbt/gifs press.jpg
107.05.24 19:49 B C:\Documents and Settings\admin\Desktop\wbt site compacted\gifs\program.gif <-- WBT /httpdocs/wbt/gifs program.gif
107.05.24 19:49 B C:\Documents and Settings\admin\Desktop\wbt site compacted\gifs\regional.gif <-- WBT /httpdocs/wbt/gifs regional.gif
107.05.24 19:49 B C:\Documents and Settings\admin\Desktop\wbt site compacted\gifs\right-bg.gif <-- WBT /httpdocs/wbt/gifs right-bg.gif
107.05.24 19:49 B C:\Documents and Settings\admin\Desktop\wbt site compacted\gifs\right-bg1.gif <-- WBT /httpdocs/wbt/gifs right-bg1.gif
107.05.24 19:49 B C:\Documents and Settings\admin\Desktop\wbt site compacted\gifs\right-bg2.gif <-- WBT /httpdocs/wbt/gifs right-bg2.gif
107.05.24 19:49 B C:\Documents and Settings\admin\Desktop\wbt site compacted\gifs\right-panel-t-bg.gif <-- WBT /httpdocs/wbt/gifs right-panel-t-bg.gif
107.05.24 19:49 B C:\Documents and Settings\admin\Desktop\wbt site compacted\gifs\right-panel-t-l.gif <-- WBT /httpdocs/wbt/gifs right-panel-t-l.gif
107.05.24 19:49 B C:\Documents and Settings\admin\Desktop\wbt site compacted\gifs\right-panel-t-r.gif <-- WBT /httpdocs/wbt/gifs right-panel-t-r.gif
107.05.24 19:50 B C:\Documents and Settings\admin\Desktop\wbt site compacted\gifs\right.gif <-- WBT /httpdocs/wbt/gifs right.gif
107.05.24 19:50 B C:\Documents and Settings\admin\Desktop\wbt site compacted\gifs\rightline.jpg <-- WBT /httpdocs/wbt/gifs rightline.jpg
107.05.24 19:50 B C:\Documents and Settings\admin\Desktop\wbt site compacted\gifs\search.gif <-- WBT /httpdocs/wbt/gifs search.gif
107.05.24 19:50 B C:\Documents and Settings\admin\Desktop\wbt site compacted\gifs\search.jpg <-- WBT /httpdocs/wbt/gifs search.jpg
107.05.24 19:50 B C:\Documents and Settings\admin\Desktop\wbt site compacted\gifs\sectoral.gif <-- WBT /httpdocs/wbt/gifs sectoral.gif
107.05.24 19:50 B C:\Documents and Settings\admin\Desktop\wbt site compacted\gifs\sectoral10_clip_image002.jpg <-- WBT /httpdocs/wbt/gifs sectoral10_clip_image002.jpg
107.05.24 19:50 B C:\Documents and Settings\admin\Desktop\wbt site compacted\gifs\sectoral6a_clip_image002.gif <-- WBT /httpdocs/wbt/gifs sectoral6a_clip_image002.gif
107.05.24 19:50 B C:\Documents and Settings\admin\Desktop\wbt site compacted\gifs\shimright.gif <-- WBT /httpdocs/wbt/gifs shimright.gif
107.05.24 19:50 B C:\Documents and Settings\admin\Desktop\wbt site compacted\gifs\state-presentations.jpg <-- WBT /httpdocs/wbt/gifs state-presentations.jpg
107.05.24 19:50 B C:\Documents and Settings\admin\Desktop\wbt site compacted\gifs\the-program.gif <-- WBT /httpdocs/wbt/gifs the-program.gif
107.05.24 19:50 B C:\Documents and Settings\admin\Desktop\wbt site compacted\gifs\tribunal-arrow.jpg <-- WBT /httpdocs/wbt/gifs tribunal-arrow.jpg
107.05.24 19:50 B C:\Documents and Settings\admin\Desktop\wbt site compacted\gifs\tribunal-bg.jpg <-- WBT /httpdocs/wbt/gifs tribunal-bg.jpg
107.05.24 19:50 B C:\Documents and Settings\admin\Desktop\wbt site compacted\gifs\tribunal-bottom.jpg <-- WBT /httpdocs/wbt/gifs tribunal-bottom.jpg
107.05.24 19:50 B C:\Documents and Settings\admin\Desktop\wbt site compacted\gifs\tribunal.jpg <-- WBT /httpdocs/wbt/gifs tribunal.jpg
107.05.24 19:50 B C:\Documents and Settings\admin\Desktop\wbt site compacted\gifs\update.gif <-- WBT /httpdocs/wbt/gifs update.gif
107.05.24 19:50 B C:\Documents and Settings\admin\Desktop\wbt site compacted\gifs\updates.gif <-- WBT /httpdocs/wbt/gifs updates.gif
107.05.24 19:50 B C:\Documents and Settings\admin\Desktop\wbt site compacted\gifs\what_u.gif <-- WBT /httpdocs/wbt/gifs what_u.gif
107.05.24 19:50 B C:\Documents and Settings\admin\Desktop\wbt site compacted\gifs\what_u.jpg <-- WBT /httpdocs/wbt/gifs what_u.jpg
107.05.24 19:50 B C:\Documents and Settings\admin\Desktop\wbt site compacted\gifs\what_u1.jpg <-- WBT /httpdocs/wbt/gifs what_u1.jpg
107.05.24 19:50 B C:\Documents and Settings\admin\Desktop\wbt site compacted\gifs\what_u2.jpg <-- WBT /httpdocs/wbt/gifs what_u2.jpg
107.05.24 19:50 B C:\Documents and Settings\admin\Desktop\wbt site compacted\gifs\who.gif <-- WBT /httpdocs/wbt/gifs who.gif
107.05.24 19:50 B C:\Documents and Settings\admin\Desktop\wbt site compacted\gifs\woldbank.gif <-- WBT /httpdocs/wbt/gifs woldbank.gif
107.05.24 19:50 B C:\Documents and Settings\admin\Desktop\wbt site compacted\gifs\world-bank.gif <-- WBT /httpdocs/wbt/gifs world-bank.gif
107.05.24 19:50 B C:\Documents and Settings\admin\Desktop\wbt site compacted\gifs\worldbank.gif <-- WBT /httpdocs/wbt/gifs worldbank.gif
107.05.24 19:50 B C:\Documents and Settings\admin\Desktop\wbt site compacted\gifs\xx-right.gif <-- WBT /httpdocs/wbt/gifs xx-right.gif
107.05.24 21:31 B C:\Documents and Settings\admin\Desktop\wbt site compacted\gifs\about.gif --> worldbanktribunal.org /httpdocs/gifs about.gif
107.05.24 21:31 B C:\Documents and Settings\admin\Desktop\wbt site compacted\gifs\arrow.gif --> worldbanktribunal.org /httpdocs/gifs arrow.gif
107.05.24 21:31 B C:\Documents and Settings\admin\Desktop\wbt site compacted\gifs\b-bg.gif --> worldbanktribunal.org /httpdocs/gifs b-bg.gif
107.05.24 21:31 B C:\Documents and Settings\admin\Desktop\wbt site compacted\gifs\b-center.gif --> worldbanktribunal.org /httpdocs/gifs b-center.gif
107.05.24 21:31 B C:\Documents and Settings\admin\Desktop\wbt site compacted\gifs\b-left.gif --> worldbanktribunal.org /httpdocs/gifs b-left.gif
107.05.24 21:32 B C:\Documents and Settings\admin\Desktop\wbt site compacted\gifs\b-left.jpg --> worldbanktribunal.org /httpdocs/gifs b-left.jpg
107.05.24 21:32 B C:\Documents and Settings\admin\Desktop\wbt site compacted\gifs\bg.gif --> worldbanktribunal.org /httpdocs/gifs bg.gif
107.05.24 21:32 B C:\Documents and Settings\admin\Desktop\wbt site compacted\gifs\bg1.gif --> worldbanktribunal.org /httpdocs/gifs bg1.gif
107.05.24 21:32 B C:\Documents and Settings\admin\Desktop\wbt site compacted\gifs\bg2.gif --> worldbanktribunal.org /httpdocs/gifs bg2.gif
107.05.24 21:32 B C:\Documents and Settings\admin\Desktop\wbt site compacted\gifs\bottom-bg.gif --> worldbanktribunal.org /httpdocs/gifs bottom-bg.gif
107.05.24 21:32 B C:\Documents and Settings\admin\Desktop\wbt site compacted\gifs\box.gif --> worldbanktribunal.org /httpdocs/gifs box.gif
107.05.24 21:32 B C:\Documents and Settings\admin\Desktop\wbt site compacted\gifs\bullat.gif --> worldbanktribunal.org /httpdocs/gifs bullat.gif
107.05.24 21:32 B C:\Documents and Settings\admin\Desktop\wbt site compacted\gifs\button1-bg.gif --> worldbanktribunal.org /httpdocs/gifs button1-bg.gif
107.05.24 21:32 B C:\Documents and Settings\admin\Desktop\wbt site compacted\gifs\button1.gif --> worldbanktribunal.org /httpdocs/gifs button1.gif
107.05.24 21:32 B C:\Documents and Settings\admin\Desktop\wbt site compacted\gifs\button2-bg.gif --> worldbanktribunal.org /httpdocs/gifs button2-bg.gif
107.05.24 21:32 B C:\Documents and Settings\admin\Desktop\wbt site compacted\gifs\button2.gif --> worldbanktribunal.org /httpdocs/gifs button2.gif
107.05.24 21:32 B C:\Documents and Settings\admin\Desktop\wbt site compacted\gifs\button3-bg.gif --> worldbanktribunal.org /httpdocs/gifs button3-bg.gif
107.05.24 21:32 B C:\Documents and Settings\admin\Desktop\wbt site compacted\gifs\button4-bg.gif --> worldbanktribunal.org /httpdocs/gifs button4-bg.gif
107.05.24 21:32 B C:\Documents and Settings\admin\Desktop\wbt site compacted\gifs\center.gif --> worldbanktribunal.org /httpdocs/gifs center.gif
107.05.24 21:32 B C:\Documents and Settings\admin\Desktop\wbt site compacted\gifs\center1.gif --> worldbanktribunal.org /httpdocs/gifs center1.gif
107.05.24 21:32 B C:\Documents and Settings\admin\Desktop\wbt site compacted\gifs\center2.gif --> worldbanktribunal.org /httpdocs/gifs center2.gif
107.05.24 21:32 B C:\Documents and Settings\admin\Desktop\wbt site compacted\gifs\confirmed-panelists.gif --> worldbanktribunal.org /httpdocs/gifs confirmed-panelists.gif
107.05.24 21:32 B C:\Documents and Settings\admin\Desktop\wbt site compacted\gifs\donate.gif --> worldbanktribunal.org /httpdocs/gifs donate.gif
107.05.24 21:32 B C:\Documents and Settings\admin\Desktop\wbt site compacted\gifs\donate.jpg --> worldbanktribunal.org /httpdocs/gifs donate.jpg
107.05.24 21:32 B C:\Documents and Settings\admin\Desktop\wbt site compacted\gifs\donate1.jpg --> worldbanktribunal.org /httpdocs/gifs donate1.jpg
107.05.24 21:32 B C:\Documents and Settings\admin\Desktop\wbt site compacted\gifs\dott.gif --> worldbanktribunal.org /httpdocs/gifs dott.gif
107.05.24 21:32 B C:\Documents and Settings\admin\Desktop\wbt site compacted\gifs\general-information.jpg --> worldbanktribunal.org /httpdocs/gifs general-information.jpg
107.05.24 21:32 B C:\Documents and Settings\admin\Desktop\wbt site compacted\gifs\h-c-b.gif --> worldbanktribunal.org /httpdocs/gifs h-c-b.gif
107.05.24 21:32 B C:\Documents and Settings\admin\Desktop\wbt site compacted\gifs\h-c-b.jpg --> worldbanktribunal.org /httpdocs/gifs h-c-b.jpg
107.05.24 21:32 B C:\Documents and Settings\admin\Desktop\wbt site compacted\gifs\h-c-bg.gif --> worldbanktribunal.org /httpdocs/gifs h-c-bg.gif
107.05.24 21:32 B C:\Documents and Settings\admin\Desktop\wbt site compacted\gifs\h-c.gif --> worldbanktribunal.org /httpdocs/gifs h-c.gif
107.05.24 21:32 B C:\Documents and Settings\admin\Desktop\wbt site compacted\gifs\h-c.jpg --> worldbanktribunal.org /httpdocs/gifs h-c.jpg
107.05.24 21:32 B C:\Documents and Settings\admin\Desktop\wbt site compacted\gifs\h-l.gif --> worldbanktribunal.org /httpdocs/gifs h-l.gif
107.05.24 21:32 B C:\Documents and Settings\admin\Desktop\wbt site compacted\gifs\h-l.jpg --> worldbanktribunal.org /httpdocs/gifs h-l.jpg
107.05.24 21:32 B C:\Documents and Settings\admin\Desktop\wbt site compacted\gifs\h-r.gif --> worldbanktribunal.org /httpdocs/gifs h-r.gif
107.05.24 21:32 B C:\Documents and Settings\admin\Desktop\wbt site compacted\gifs\h-r.jpg --> worldbanktribunal.org /httpdocs/gifs h-r.jpg
107.05.24 21:32 B C:\Documents and Settings\admin\Desktop\wbt site compacted\gifs\heading-bg.gif --> worldbanktribunal.org /httpdocs/gifs heading-bg.gif
107.05.24 21:32 B C:\Documents and Settings\admin\Desktop\wbt site compacted\gifs\heading.gif --> worldbanktribunal.org /httpdocs/gifs heading.gif
107.05.24 21:32 B C:\Documents and Settings\admin\Desktop\wbt site compacted\gifs\heding.gif --> worldbanktribunal.org /httpdocs/gifs heding.gif
107.05.24 21:32 B C:\Documents and Settings\admin\Desktop\wbt site compacted\gifs\hindi.gif --> worldbanktribunal.org /httpdocs/gifs hindi.gif
107.05.24 21:32 B C:\Documents and Settings\admin\Desktop\wbt site compacted\gifs\i1.gif --> worldbanktribunal.org /httpdocs/gifs i1.gif
107.05.24 21:33 B C:\Documents and Settings\admin\Desktop\wbt site compacted\gifs\i2.gif --> worldbanktribunal.org /httpdocs/gifs i2.gif
107.05.24 21:33 B C:\Documents and Settings\admin\Desktop\wbt site compacted\gifs\ibg.gif --> worldbanktribunal.org /httpdocs/gifs ibg.gif
107.05.24 21:33 B C:\Documents and Settings\admin\Desktop\wbt site compacted\gifs\left-gray.gif --> worldbanktribunal.org /httpdocs/gifs left-gray.gif
107.05.24 21:33 B C:\Documents and Settings\admin\Desktop\wbt site compacted\gifs\left.gif --> worldbanktribunal.org /httpdocs/gifs left.gif
107.05.24 21:33 B C:\Documents and Settings\admin\Desktop\wbt site compacted\gifs\left1.gif --> worldbanktribunal.org /httpdocs/gifs left1.gif
107.05.24 21:33 B C:\Documents and Settings\admin\Desktop\wbt site compacted\gifs\leftbanner.gif --> worldbanktribunal.org /httpdocs/gifs leftbanner.gif
107.05.24 21:33 B C:\Documents and Settings\admin\Desktop\wbt site compacted\gifs\leftbanner.jpg --> worldbanktribunal.org /httpdocs/gifs leftbanner.jpg
107.05.24 21:33 B C:\Documents and Settings\admin\Desktop\wbt site compacted\gifs\mailing-lists.jpg --> worldbanktribunal.org /httpdocs/gifs mailing-lists.jpg
107.05.24 21:33 B C:\Documents and Settings\admin\Desktop\wbt site compacted\gifs\major-thematic-areas.jpg --> worldbanktribunal.org /httpdocs/gifs major-thematic-areas.jpg
107.05.24 21:33 B C:\Documents and Settings\admin\Desktop\wbt site compacted\gifs\major.gif --> worldbanktribunal.org /httpdocs/gifs major.gif
107.05.24 21:33 B C:\Documents and Settings\admin\Desktop\wbt site compacted\gifs\mastheadlogo.jpg --> worldbanktribunal.org /httpdocs/gifs mastheadlogo.jpg
107.05.24 21:33 B C:\Documents and Settings\admin\Desktop\wbt site compacted\gifs\press.jpg --> worldbanktribunal.org /httpdocs/gifs press.jpg
107.05.24 21:33 B C:\Documents and Settings\admin\Desktop\wbt site compacted\gifs\program.gif --> worldbanktribunal.org /httpdocs/gifs program.gif
107.05.24 21:33 B C:\Documents and Settings\admin\Desktop\wbt site compacted\gifs\regional.gif --> worldbanktribunal.org /httpdocs/gifs regional.gif
107.05.24 21:33 B C:\Documents and Settings\admin\Desktop\wbt site compacted\gifs\right-bg.gif --> worldbanktribunal.org /httpdocs/gifs right-bg.gif
107.05.24 21:33 B C:\Documents and Settings\admin\Desktop\wbt site compacted\gifs\right-bg1.gif --> worldbanktribunal.org /httpdocs/gifs right-bg1.gif
107.05.24 21:33 B C:\Documents and Settings\admin\Desktop\wbt site compacted\gifs\right-bg2.gif --> worldbanktribunal.org /httpdocs/gifs right-bg2.gif
107.05.24 21:33 B C:\Documents and Settings\admin\Desktop\wbt site compacted\gifs\right-panel-t-bg.gif --> worldbanktribunal.org /httpdocs/gifs right-panel-t-bg.gif
107.05.24 21:33 B C:\Documents and Settings\admin\Desktop\wbt site compacted\gifs\right-panel-t-l.gif --> worldbanktribunal.org /httpdocs/gifs right-panel-t-l.gif
107.05.24 21:33 B C:\Documents and Settings\admin\Desktop\wbt site compacted\gifs\right-panel-t-r.gif --> worldbanktribunal.org /httpdocs/gifs right-panel-t-r.gif
107.05.24 21:33 B C:\Documents and Settings\admin\Desktop\wbt site compacted\gifs\right.gif --> worldbanktribunal.org /httpdocs/gifs right.gif
107.05.24 21:33 B C:\Documents and Settings\admin\Desktop\wbt site compacted\gifs\rightline.jpg --> worldbanktribunal.org /httpdocs/gifs rightline.jpg
107.05.24 21:33 B C:\Documents and Settings\admin\Desktop\wbt site compacted\gifs\search.gif --> worldbanktribunal.org /httpdocs/gifs search.gif
107.05.24 21:33 B C:\Documents and Settings\admin\Desktop\wbt site compacted\gifs\search.jpg --> worldbanktribunal.org /httpdocs/gifs search.jpg
107.05.24 21:33 B C:\Documents and Settings\admin\Desktop\wbt site compacted\gifs\sectoral.gif --> worldbanktribunal.org /httpdocs/gifs sectoral.gif
107.05.24 21:33 B C:\Documents and Settings\admin\Desktop\wbt site compacted\gifs\sectoral10_clip_image002.jpg --> worldbanktribunal.org /httpdocs/gifs sectoral10_clip_image002.jpg
107.05.24 21:33 B C:\Documents and Settings\admin\Desktop\wbt site compacted\gifs\sectoral6a_clip_image002.gif --> worldbanktribunal.org /httpdocs/gifs sectoral6a_clip_image002.gif
107.05.24 21:33 B C:\Documents and Settings\admin\Desktop\wbt site compacted\gifs\shimright.gif --> worldbanktribunal.org /httpdocs/gifs shimright.gif
107.05.24 21:33 B C:\Documents and Settings\admin\Desktop\wbt site compacted\gifs\state-presentations.jpg --> worldbanktribunal.org /httpdocs/gifs state-presentations.jpg
107.05.24 21:33 B C:\Documents and Settings\admin\Desktop\wbt site compacted\gifs\the-program.gif --> worldbanktribunal.org /httpdocs/gifs the-program.gif
107.05.24 21:33 B C:\Documents and Settings\admin\Desktop\wbt site compacted\gifs\tribunal-arrow.jpg --> worldbanktribunal.org /httpdocs/gifs tribunal-arrow.jpg
107.05.24 21:33 B C:\Documents and Settings\admin\Desktop\wbt site compacted\gifs\tribunal-bg.jpg --> worldbanktribunal.org /httpdocs/gifs tribunal-bg.jpg
107.05.24 21:33 B C:\Documents and Settings\admin\Desktop\wbt site compacted\gifs\tribunal-bottom.jpg --> worldbanktribunal.org /httpdocs/gifs tribunal-bottom.jpg
107.05.24 21:33 B C:\Documents and Settings\admin\Desktop\wbt site compacted\gifs\tribunal.jpg --> worldbanktribunal.org /httpdocs/gifs tribunal.jpg
107.05.24 21:33 B C:\Documents and Settings\admin\Desktop\wbt site compacted\gifs\update.gif --> worldbanktribunal.org /httpdocs/gifs update.gif
107.05.24 21:34 B C:\Documents and Settings\admin\Desktop\wbt site compacted\gifs\updates.gif --> worldbanktribunal.org /httpdocs/gifs updates.gif
107.05.24 21:34 B C:\Documents and Settings\admin\Desktop\wbt site compacted\gifs\what_u.gif --> worldbanktribunal.org /httpdocs/gifs what_u.gif
107.05.24 21:34 B C:\Documents and Settings\admin\Desktop\wbt site compacted\gifs\what_u.jpg --> worldbanktribunal.org /httpdocs/gifs what_u.jpg
107.05.24 21:34 B C:\Documents and Settings\admin\Desktop\wbt site compacted\gifs\what_u1.jpg --> worldbanktribunal.org /httpdocs/gifs what_u1.jpg
107.05.24 21:34 B C:\Documents and Settings\admin\Desktop\wbt site compacted\gifs\what_u2.jpg --> worldbanktribunal.org /httpdocs/gifs what_u2.jpg
107.05.24 21:34 B C:\Documents and Settings\admin\Desktop\wbt site compacted\gifs\who.gif --> worldbanktribunal.org /httpdocs/gifs who.gif
107.05.24 21:34 B C:\Documents and Settings\admin\Desktop\wbt site compacted\gifs\woldbank.gif --> worldbanktribunal.org /httpdocs/gifs woldbank.gif
107.05.24 21:34 B C:\Documents and Settings\admin\Desktop\wbt site compacted\gifs\world-bank.gif --> worldbanktribunal.org /httpdocs/gifs world-bank.gif
107.05.24 21:34 B C:\Documents and Settings\admin\Desktop\wbt site compacted\gifs\worldbank.gif --> worldbanktribunal.org /httpdocs/gifs worldbank.gif
